<?xml version="1.0" encoding="UTF-8"?>
<coverage generated="1439375360067" clover="3.2.0">
	<project timestamp="1439375360067"  name="All Files" >
		<metrics statements="98"  coveredstatements="97"  conditionals="32"  coveredconditionals="30"  methods="19"  coveredmethods="18"  elements="149"  coveredelements="145"  complexity="0"  packages="2"  files="5"  classes="5"  loc="211"  ncloc="211" />
		<package name="controllers" >
			<metrics statements="75"  coveredstatements="74"  conditionals="32"  coveredconditionals="30"  methods="16"  coveredmethods="16" />
			<file name="account.js"  path="/home/osboxes/Downloads/mobile-app/server/controllers/account.js" >
				<metrics statements="75"  coveredstatements="74"  conditionals="32"  coveredconditionals="30"  methods="16"  coveredmethods="16" />
				<line num="1"  count="1"  type="stmt" />
				<line num="3"  count="18"  type="stmt" />
				<line num="4"  count="18"  type="stmt" />
				<line num="5"  count="18"  type="stmt" />
				<line num="6"  count="18"  type="stmt" />
				<line num="7"  count="18"  type="stmt" />
				<line num="8"  count="18"  type="stmt" />
				<line num="9"  count="18"  type="stmt" />
				<line num="10"  count="18"  type="stmt" />
				<line num="13"  count="1"  type="stmt" />
				<line num="14"  count="6"  type="stmt" />
				<line num="17"  count="1"  type="stmt" />
				<line num="18"  count="6"  type="stmt" />
				<line num="21"  count="1"  type="stmt" />
				<line num="23"  count="5"  type="stmt" />
				<line num="25"  count="5"  type="stmt" />
				<line num="28"  count="1"  type="stmt" />
				<line num="30"  count="4"  type="stmt" />
				<line num="32"  count="4"  type="stmt" />
				<line num="34"  count="4"  type="cond"  truecount="2"  falsecount="0" />
				<line num="35"  count="1"  type="stmt" />
				<line num="38"  count="3"  type="cond"  truecount="2"  falsecount="0" />
				<line num="40"  count="2"  type="stmt" />
				<line num="42"  count="2"  type="cond"  truecount="2"  falsecount="0" />
				<line num="44"  count="1"  type="stmt" />
				<line num="50"  count="1"  type="stmt" />
				<line num="52"  count="1"  type="stmt" />
				<line num="58"  count="1"  type="stmt" />
				<line num="62"  count="1"  type="stmt" />
				<line num="68"  count="1"  type="stmt" />
				<line num="69"  count="1"  type="cond"  truecount="1"  falsecount="1" />
				<line num="70"  count="1"  type="stmt" />
				<line num="73"  count="1"  type="stmt" />
				<line num="74"  count="4"  type="stmt" />
				<line num="75"  count="4"  type="stmt" />
				<line num="77"  count="4"  type="cond"  truecount="2"  falsecount="0" />
				<line num="78"  count="1"  type="stmt" />
				<line num="81"  count="3"  type="cond"  truecount="2"  falsecount="0" />
				<line num="82"  count="1"  type="stmt" />
				<line num="85"  count="2"  type="stmt" />
				<line num="87"  count="2"  type="cond"  truecount="1"  falsecount="1" />
				<line num="88"  count="0"  type="stmt" />
				<line num="91"  count="2"  type="cond"  truecount="2"  falsecount="0" />
				<line num="93"  count="1"  type="stmt" />
				<line num="99"  count="1"  type="stmt" />
				<line num="105"  count="1"  type="stmt" />
				<line num="114"  count="1"  type="stmt" />
				<line num="115"  count="3"  type="stmt" />
				<line num="116"  count="3"  type="stmt" />
				<line num="118"  count="3"  type="cond"  truecount="2"  falsecount="0" />
				<line num="119"  count="1"  type="stmt" />
				<line num="122"  count="2"  type="cond"  truecount="2"  falsecount="0" />
				<line num="124"  count="1"  type="stmt" />
				<line num="125"  count="1"  type="stmt" />
				<line num="126"  count="1"  type="stmt" />
				<line num="128"  count="1"  type="stmt" />
				<line num="130"  count="1"  type="stmt" />
				<line num="132"  count="1"  type="stmt" />
				<line num="137"  count="1"  type="stmt" />
				<line num="138"  count="6"  type="stmt" />
				<line num="139"  count="6"  type="cond"  truecount="4"  falsecount="0" />
				<line num="140"  count="1"  type="stmt" />
				<line num="143"  count="5"  type="cond"  truecount="2"  falsecount="0" />
				<line num="144"  count="1"  type="stmt" />
				<line num="147"  count="4"  type="cond"  truecount="2"  falsecount="0" />
				<line num="148"  count="1"  type="stmt" />
				<line num="151"  count="3"  type="stmt" />
				<line num="153"  count="3"  type="stmt" />
				<line num="155"  count="3"  type="stmt" />
				<line num="157"  count="3"  type="cond"  truecount="2"  falsecount="0" />
				<line num="158"  count="1"  type="stmt" />
				<line num="161"  count="2"  type="cond"  truecount="2"  falsecount="0" />
				<line num="163"  count="1"  type="stmt" />
				<line num="165"  count="1"  type="stmt" />
				<line num="171"  count="1"  type="stmt" />
			</file>
		</package>
		<package name="models" >
			<metrics statements="23"  coveredstatements="23"  conditionals="0"  coveredconditionals="0"  methods="3"  coveredmethods="2" />
			<file name="api-messages.js"  path="/home/osboxes/Downloads/mobile-app/server/models/api-messages.js" >
				<metrics statements="12"  coveredstatements="12"  conditionals="0"  coveredconditionals="0"  methods="1"  coveredmethods="0" />
				<line num="1"  count="1"  type="stmt" />
				<line num="2"  count="1"  type="stmt" />
				<line num="3"  count="1"  type="stmt" />
				<line num="4"  count="1"  type="stmt" />
				<line num="5"  count="1"  type="stmt" />
				<line num="6"  count="1"  type="stmt" />
				<line num="7"  count="1"  type="stmt" />
				<line num="8"  count="1"  type="stmt" />
				<line num="9"  count="1"  type="stmt" />
				<line num="10"  count="1"  type="stmt" />
				<line num="11"  count="1"  type="stmt" />
				<line num="13"  count="1"  type="stmt" />
			</file>
			<file name="api-response.js"  path="/home/osboxes/Downloads/mobile-app/server/models/api-response.js" >
				<metrics statements="4"  coveredstatements="4"  conditionals="0"  coveredconditionals="0"  methods="1"  coveredmethods="1" />
				<line num="1"  count="1"  type="stmt" />
				<line num="2"  count="17"  type="stmt" />
				<line num="3"  count="17"  type="stmt" />
				<line num="6"  count="1"  type="stmt" />
			</file>
			<file name="user-profile.js"  path="/home/osboxes/Downloads/mobile-app/server/models/user-profile.js" >
				<metrics statements="3"  coveredstatements="3"  conditionals="0"  coveredconditionals="0"  methods="1"  coveredmethods="1" />
				<line num="1"  count="1"  type="stmt" />
				<line num="2"  count="2"  type="stmt" />
				<line num="7"  count="1"  type="stmt" />
			</file>
			<file name="user.js"  path="/home/osboxes/Downloads/mobile-app/server/models/user.js" >
				<metrics statements="4"  coveredstatements="4"  conditionals="0"  coveredconditionals="0"  methods="0"  coveredmethods="0" />
				<line num="3"  count="1"  type="stmt" />
				<line num="4"  count="1"  type="stmt" />
				<line num="6"  count="1"  type="stmt" />
				<line num="14"  count="1"  type="stmt" />
			</file>
		</package>
	</project>
</coverage>
