{"/home/osboxes/Downloads/mobile-app/server/controllers/account.js":{"path":"/home/osboxes/Downloads/mobile-app/server/controllers/account.js","s":{"1":1,"2":18,"3":18,"4":18,"5":18,"6":18,"7":18,"8":18,"9":18,"10":1,"11":6,"12":1,"13":6,"14":1,"15":5,"16":5,"17":1,"18":4,"19":4,"20":4,"21":1,"22":3,"23":2,"24":2,"25":1,"26":1,"27":1,"28":1,"29":1,"30":1,"31":1,"32":1,"33":1,"34":1,"35":4,"36":4,"37":4,"38":1,"39":3,"40":1,"41":2,"42":2,"43":0,"44":2,"45":1,"46":1,"47":1,"48":1,"49":3,"50":3,"51":3,"52":1,"53":2,"54":1,"55":1,"56":1,"57":1,"58":1,"59":1,"60":1,"61":6,"62":6,"63":1,"64":5,"65":1,"66":4,"67":1,"68":3,"69":3,"70":3,"71":3,"72":1,"73":2,"74":1,"75":1,"76":1},"b":{"1":[1,3],"2":[2,1],"3":[1,1],"4":[1,0],"5":[1,3],"6":[1,2],"7":[0,2],"8":[1,1],"9":[1,2],"10":[1,1],"11":[1,5],"12":[6,6],"13":[1,4],"14":[1,3],"15":[1,2],"16":[1,1]},"f":{"1":18,"2":6,"3":6,"4":5,"5":4,"6":4,"7":2,"8":1,"9":4,"10":4,"11":2,"12":3,"13":3,"14":6,"15":3,"16":3},"fnMap":{"1":{"name":"(anonymous_1)","line":1,"loc":{"start":{"line":1,"column":25},"end":{"line":1,"column":63}}},"2":{"name":"(anonymous_2)","line":13,"loc":{"start":{"line":13,"column":41},"end":{"line":13,"column":53}}},"3":{"name":"(anonymous_3)","line":17,"loc":{"start":{"line":17,"column":41},"end":{"line":17,"column":60}}},"4":{"name":"(anonymous_4)","line":21,"loc":{"start":{"line":21,"column":43},"end":{"line":21,"column":79}}},"5":{"name":"(anonymous_5)","line":28,"loc":{"start":{"line":28,"column":36},"end":{"line":28,"column":72}}},"6":{"name":"(anonymous_6)","line":32,"loc":{"start":{"line":32,"column":43},"end":{"line":32,"column":64}}},"7":{"name":"(anonymous_7)","line":40,"loc":{"start":{"line":40,"column":57},"end":{"line":40,"column":86}}},"8":{"name":"(anonymous_8)","line":68,"loc":{"start":{"line":68,"column":37},"end":{"line":68,"column":49}}},"9":{"name":"(anonymous_9)","line":73,"loc":{"start":{"line":73,"column":39},"end":{"line":73,"column":68}}},"10":{"name":"(anonymous_10)","line":75,"loc":{"start":{"line":75,"column":51},"end":{"line":75,"column":72}}},"11":{"name":"(anonymous_11)","line":85,"loc":{"start":{"line":85,"column":25},"end":{"line":85,"column":62}}},"12":{"name":"(anonymous_12)","line":114,"loc":{"start":{"line":114,"column":44},"end":{"line":114,"column":71}}},"13":{"name":"(anonymous_13)","line":116,"loc":{"start":{"line":116,"column":43},"end":{"line":116,"column":64}}},"14":{"name":"(anonymous_14)","line":137,"loc":{"start":{"line":137,"column":49},"end":{"line":137,"column":108}}},"15":{"name":"(anonymous_15)","line":153,"loc":{"start":{"line":153,"column":47},"end":{"line":153,"column":76}}},"16":{"name":"(anonymous_16)","line":155,"loc":{"start":{"line":155,"column":106},"end":{"line":155,"column":142}}}},"statementMap":{"1":{"start":{"line":1,"column":1},"end":{"line":11,"column":2}},"2":{"start":{"line":3,"column":4},"end":{"line":3,"column":36}},"3":{"start":{"line":4,"column":4},"end":{"line":4,"column":37}},"4":{"start":{"line":5,"column":4},"end":{"line":5,"column":60}},"5":{"start":{"line":6,"column":4},"end":{"line":6,"column":60}},"6":{"start":{"line":7,"column":4},"end":{"line":7,"column":65}},"7":{"start":{"line":8,"column":4},"end":{"line":8,"column":31}},"8":{"start":{"line":9,"column":4},"end":{"line":9,"column":27}},"9":{"start":{"line":10,"column":4},"end":{"line":10,"column":25}},"10":{"start":{"line":13,"column":0},"end":{"line":15,"column":2}},"11":{"start":{"line":14,"column":4},"end":{"line":14,"column":24}},"12":{"start":{"line":17,"column":0},"end":{"line":19,"column":2}},"13":{"start":{"line":18,"column":4},"end":{"line":18,"column":27}},"14":{"start":{"line":21,"column":0},"end":{"line":26,"column":2}},"15":{"start":{"line":23,"column":4},"end":{"line":24,"column":20}},"16":{"start":{"line":25,"column":4},"end":{"line":25,"column":69}},"17":{"start":{"line":28,"column":0},"end":{"line":66,"column":2}},"18":{"start":{"line":30,"column":4},"end":{"line":30,"column":18}},"19":{"start":{"line":32,"column":4},"end":{"line":65,"column":7}},"20":{"start":{"line":34,"column":8},"end":{"line":36,"column":9}},"21":{"start":{"line":35,"column":12},"end":{"line":35,"column":115}},"22":{"start":{"line":38,"column":8},"end":{"line":63,"column":9}},"23":{"start":{"line":40,"column":12},"end":{"line":60,"column":15}},"24":{"start":{"line":42,"column":16},"end":{"line":59,"column":17}},"25":{"start":{"line":44,"column":20},"end":{"line":48,"column":23}},"26":{"start":{"line":50,"column":20},"end":{"line":50,"column":67}},"27":{"start":{"line":52,"column":20},"end":{"line":56,"column":24}},"28":{"start":{"line":58,"column":20},"end":{"line":58,"column":126}},"29":{"start":{"line":62,"column":12},"end":{"line":62,"column":122}},"30":{"start":{"line":68,"column":0},"end":{"line":71,"column":2}},"31":{"start":{"line":69,"column":4},"end":{"line":69,"column":76}},"32":{"start":{"line":69,"column":39},"end":{"line":69,"column":76}},"33":{"start":{"line":70,"column":4},"end":{"line":70,"column":11}},"34":{"start":{"line":73,"column":0},"end":{"line":112,"column":2}},"35":{"start":{"line":74,"column":4},"end":{"line":74,"column":18}},"36":{"start":{"line":75,"column":4},"end":{"line":111,"column":7}},"37":{"start":{"line":77,"column":8},"end":{"line":79,"column":9}},"38":{"start":{"line":78,"column":12},"end":{"line":78,"column":115}},"39":{"start":{"line":81,"column":8},"end":{"line":109,"column":9}},"40":{"start":{"line":82,"column":12},"end":{"line":82,"column":127}},"41":{"start":{"line":85,"column":12},"end":{"line":108,"column":15}},"42":{"start":{"line":87,"column":16},"end":{"line":89,"column":17}},"43":{"start":{"line":88,"column":20},"end":{"line":88,"column":123}},"44":{"start":{"line":91,"column":16},"end":{"line":106,"column":17}},"45":{"start":{"line":93,"column":20},"end":{"line":97,"column":23}},"46":{"start":{"line":99,"column":20},"end":{"line":103,"column":24}},"47":{"start":{"line":105,"column":20},"end":{"line":105,"column":136}},"48":{"start":{"line":114,"column":0},"end":{"line":135,"column":2}},"49":{"start":{"line":115,"column":4},"end":{"line":115,"column":18}},"50":{"start":{"line":116,"column":4},"end":{"line":134,"column":6}},"51":{"start":{"line":118,"column":8},"end":{"line":120,"column":9}},"52":{"start":{"line":119,"column":12},"end":{"line":119,"column":115}},"53":{"start":{"line":122,"column":8},"end":{"line":133,"column":9}},"54":{"start":{"line":124,"column":12},"end":{"line":124,"column":49}},"55":{"start":{"line":125,"column":12},"end":{"line":125,"column":61}},"56":{"start":{"line":126,"column":12},"end":{"line":126,"column":62}},"57":{"start":{"line":128,"column":12},"end":{"line":128,"column":70}},"58":{"start":{"line":130,"column":12},"end":{"line":130,"column":122}},"59":{"start":{"line":132,"column":12},"end":{"line":132,"column":122}},"60":{"start":{"line":137,"column":0},"end":{"line":169,"column":2}},"61":{"start":{"line":138,"column":4},"end":{"line":138,"column":18}},"62":{"start":{"line":139,"column":4},"end":{"line":141,"column":5}},"63":{"start":{"line":140,"column":8},"end":{"line":140,"column":126}},"64":{"start":{"line":143,"column":4},"end":{"line":145,"column":5}},"65":{"start":{"line":144,"column":8},"end":{"line":144,"column":132}},"66":{"start":{"line":147,"column":4},"end":{"line":149,"column":5}},"67":{"start":{"line":148,"column":8},"end":{"line":148,"column":133}},"68":{"start":{"line":151,"column":4},"end":{"line":151,"column":38}},"69":{"start":{"line":153,"column":4},"end":{"line":168,"column":7}},"70":{"start":{"line":155,"column":8},"end":{"line":167,"column":11}},"71":{"start":{"line":157,"column":12},"end":{"line":159,"column":13}},"72":{"start":{"line":158,"column":16},"end":{"line":158,"column":119}},"73":{"start":{"line":161,"column":12},"end":{"line":166,"column":13}},"74":{"start":{"line":163,"column":16},"end":{"line":163,"column":135}},"75":{"start":{"line":165,"column":16},"end":{"line":165,"column":90}},"76":{"start":{"line":171,"column":0},"end":{"line":171,"column":35}}},"branchMap":{"1":{"line":34,"type":"if","locations":[{"start":{"line":34,"column":8},"end":{"line":34,"column":8}},{"start":{"line":34,"column":8},"end":{"line":34,"column":8}}]},"2":{"line":38,"type":"if","locations":[{"start":{"line":38,"column":8},"end":{"line":38,"column":8}},{"start":{"line":38,"column":8},"end":{"line":38,"column":8}}]},"3":{"line":42,"type":"if","locations":[{"start":{"line":42,"column":16},"end":{"line":42,"column":16}},{"start":{"line":42,"column":16},"end":{"line":42,"column":16}}]},"4":{"line":69,"type":"if","locations":[{"start":{"line":69,"column":4},"end":{"line":69,"column":4}},{"start":{"line":69,"column":4},"end":{"line":69,"column":4}}]},"5":{"line":77,"type":"if","locations":[{"start":{"line":77,"column":8},"end":{"line":77,"column":8}},{"start":{"line":77,"column":8},"end":{"line":77,"column":8}}]},"6":{"line":81,"type":"if","locations":[{"start":{"line":81,"column":8},"end":{"line":81,"column":8}},{"start":{"line":81,"column":8},"end":{"line":81,"column":8}}]},"7":{"line":87,"type":"if","locations":[{"start":{"line":87,"column":16},"end":{"line":87,"column":16}},{"start":{"line":87,"column":16},"end":{"line":87,"column":16}}]},"8":{"line":91,"type":"if","locations":[{"start":{"line":91,"column":16},"end":{"line":91,"column":16}},{"start":{"line":91,"column":16},"end":{"line":91,"column":16}}]},"9":{"line":118,"type":"if","locations":[{"start":{"line":118,"column":8},"end":{"line":118,"column":8}},{"start":{"line":118,"column":8},"end":{"line":118,"column":8}}]},"10":{"line":122,"type":"if","locations":[{"start":{"line":122,"column":8},"end":{"line":122,"column":8}},{"start":{"line":122,"column":8},"end":{"line":122,"column":8}}]},"11":{"line":139,"type":"if","locations":[{"start":{"line":139,"column":4},"end":{"line":139,"column":4}},{"start":{"line":139,"column":4},"end":{"line":139,"column":4}}]},"12":{"line":139,"type":"binary-expr","locations":[{"start":{"line":139,"column":8},"end":{"line":139,"column":19}},{"start":{"line":139,"column":23},"end":{"line":139,"column":52}}]},"13":{"line":143,"type":"if","locations":[{"start":{"line":143,"column":4},"end":{"line":143,"column":4}},{"start":{"line":143,"column":4},"end":{"line":143,"column":4}}]},"14":{"line":147,"type":"if","locations":[{"start":{"line":147,"column":4},"end":{"line":147,"column":4}},{"start":{"line":147,"column":4},"end":{"line":147,"column":4}}]},"15":{"line":157,"type":"if","locations":[{"start":{"line":157,"column":12},"end":{"line":157,"column":12}},{"start":{"line":157,"column":12},"end":{"line":157,"column":12}}]},"16":{"line":161,"type":"if","locations":[{"start":{"line":161,"column":12},"end":{"line":161,"column":12}},{"start":{"line":161,"column":12},"end":{"line":161,"column":12}}]}}},"/home/osboxes/Downloads/mobile-app/server/models/user.js":{"path":"/home/osboxes/Downloads/mobile-app/server/models/user.js","s":{"1":1,"2":1,"3":1,"4":1},"b":{},"f":{},"fnMap":{},"statementMap":{"1":{"start":{"line":3,"column":0},"end":{"line":3,"column":35}},"2":{"start":{"line":4,"column":0},"end":{"line":4,"column":29}},"3":{"start":{"line":6,"column":0},"end":{"line":12,"column":3}},"4":{"start":{"line":14,"column":0},"end":{"line":14,"column":52}}},"branchMap":{}},"/home/osboxes/Downloads/mobile-app/server/models/api-messages.js":{"path":"/home/osboxes/Downloads/mobile-app/server/models/api-messages.js","s":{"1":1,"2":1,"3":1,"4":1,"5":1,"6":1,"7":1,"8":1,"9":1,"10":1,"11":1,"12":1},"b":{},"f":{"1":0},"fnMap":{"1":{"name":"(anonymous_1)","line":1,"loc":{"start":{"line":1,"column":19},"end":{"line":1,"column":31}}}},"statementMap":{"1":{"start":{"line":1,"column":1},"end":{"line":1,"column":35}},"2":{"start":{"line":2,"column":0},"end":{"line":2,"column":32}},"3":{"start":{"line":3,"column":0},"end":{"line":3,"column":28}},"4":{"start":{"line":4,"column":0},"end":{"line":4,"column":25}},"5":{"start":{"line":5,"column":0},"end":{"line":5,"column":26}},"6":{"start":{"line":6,"column":0},"end":{"line":6,"column":37}},"7":{"start":{"line":7,"column":0},"end":{"line":7,"column":38}},"8":{"start":{"line":8,"column":0},"end":{"line":8,"column":39}},"9":{"start":{"line":9,"column":0},"end":{"line":9,"column":45}},"10":{"start":{"line":10,"column":0},"end":{"line":10,"column":46}},"11":{"start":{"line":11,"column":0},"end":{"line":11,"column":41}},"12":{"start":{"line":13,"column":0},"end":{"line":13,"column":29}}},"branchMap":{}},"/home/osboxes/Downloads/mobile-app/server/models/api-response.js":{"path":"/home/osboxes/Downloads/mobile-app/server/models/api-response.js","s":{"1":1,"2":17,"3":17,"4":1},"b":{},"f":{"1":17},"fnMap":{"1":{"name":"(anonymous_1)","line":1,"loc":{"start":{"line":1,"column":19},"end":{"line":1,"column":34}}}},"statementMap":{"1":{"start":{"line":1,"column":1},"end":{"line":4,"column":2}},"2":{"start":{"line":2,"column":4},"end":{"line":2,"column":31}},"3":{"start":{"line":3,"column":4},"end":{"line":3,"column":29}},"4":{"start":{"line":6,"column":0},"end":{"line":6,"column":29}}},"branchMap":{}},"/home/osboxes/Downloads/mobile-app/server/models/user-profile.js":{"path":"/home/osboxes/Downloads/mobile-app/server/models/user-profile.js","s":{"1":1,"2":2,"3":1},"b":{},"f":{"1":2},"fnMap":{"1":{"name":"(anonymous_1)","line":1,"loc":{"start":{"line":1,"column":24},"end":{"line":1,"column":38}}}},"statementMap":{"1":{"start":{"line":1,"column":1},"end":{"line":5,"column":2}},"2":{"start":{"line":2,"column":4},"end":{"line":4,"column":32}},"3":{"start":{"line":7,"column":0},"end":{"line":7,"column":34}}},"branchMap":{}}}