TN:
SF:/home/osboxes/Downloads/mobile-app/server/controllers/account.js
FN:1,(anonymous_1)
FN:13,(anonymous_2)
FN:17,(anonymous_3)
FN:21,(anonymous_4)
FN:28,(anonymous_5)
FN:32,(anonymous_6)
FN:40,(anonymous_7)
FN:68,(anonymous_8)
FN:73,(anonymous_9)
FN:75,(anonymous_10)
FN:85,(anonymous_11)
FN:114,(anonymous_12)
FN:116,(anonymous_13)
FN:137,(anonymous_14)
FN:153,(anonymous_15)
FN:155,(anonymous_16)
FNF:16
FNH:16
FNDA:18,(anonymous_1)
FNDA:6,(anonymous_2)
FNDA:6,(anonymous_3)
FNDA:5,(anonymous_4)
FNDA:4,(anonymous_5)
FNDA:4,(anonymous_6)
FNDA:2,(anonymous_7)
FNDA:1,(anonymous_8)
FNDA:4,(anonymous_9)
FNDA:4,(anonymous_10)
FNDA:2,(anonymous_11)
FNDA:3,(anonymous_12)
FNDA:3,(anonymous_13)
FNDA:6,(anonymous_14)
FNDA:3,(anonymous_15)
FNDA:3,(anonymous_16)
DA:1,1
DA:3,18
DA:4,18
DA:5,18
DA:6,18
DA:7,18
DA:8,18
DA:9,18
DA:10,18
DA:13,1
DA:14,6
DA:17,1
DA:18,6
DA:21,1
DA:23,5
DA:25,5
DA:28,1
DA:30,4
DA:32,4
DA:34,4
DA:35,1
DA:38,3
DA:40,2
DA:42,2
DA:44,1
DA:50,1
DA:52,1
DA:58,1
DA:62,1
DA:68,1
DA:69,1
DA:70,1
DA:73,1
DA:74,4
DA:75,4
DA:77,4
DA:78,1
DA:81,3
DA:82,1
DA:85,2
DA:87,2
DA:88,0
DA:91,2
DA:93,1
DA:99,1
DA:105,1
DA:114,1
DA:115,3
DA:116,3
DA:118,3
DA:119,1
DA:122,2
DA:124,1
DA:125,1
DA:126,1
DA:128,1
DA:130,1
DA:132,1
DA:137,1
DA:138,6
DA:139,6
DA:140,1
DA:143,5
DA:144,1
DA:147,4
DA:148,1
DA:151,3
DA:153,3
DA:155,3
DA:157,3
DA:158,1
DA:161,2
DA:163,1
DA:165,1
DA:171,1
LF:75
LH:74
BRDA:34,1,0,1
BRDA:34,1,1,3
BRDA:38,2,0,2
BRDA:38,2,1,1
BRDA:42,3,0,1
BRDA:42,3,1,1
BRDA:69,4,0,1
BRDA:69,4,1,0
BRDA:77,5,0,1
BRDA:77,5,1,3
BRDA:81,6,0,1
BRDA:81,6,1,2
BRDA:87,7,0,0
BRDA:87,7,1,2
BRDA:91,8,0,1
BRDA:91,8,1,1
BRDA:118,9,0,1
BRDA:118,9,1,2
BRDA:122,10,0,1
BRDA:122,10,1,1
BRDA:139,11,0,1
BRDA:139,11,1,5
BRDA:139,12,0,6
BRDA:139,12,1,6
BRDA:143,13,0,1
BRDA:143,13,1,4
BRDA:147,14,0,1
BRDA:147,14,1,3
BRDA:157,15,0,1
BRDA:157,15,1,2
BRDA:161,16,0,1
BRDA:161,16,1,1
BRF:32
BRH:30
end_of_record
TN:
SF:/home/osboxes/Downloads/mobile-app/server/models/user.js
FNF:0
FNH:0
DA:3,1
DA:4,1
DA:6,1
DA:14,1
LF:4
LH:4
BRF:0
BRH:0
end_of_record
TN:
SF:/home/osboxes/Downloads/mobile-app/server/models/api-messages.js
FN:1,(anonymous_1)
FNF:1
FNH:0
FNDA:0,(anonymous_1)
DA:1,1
DA:2,1
DA:3,1
DA:4,1
DA:5,1
DA:6,1
DA:7,1
DA:8,1
DA:9,1
DA:10,1
DA:11,1
DA:13,1
LF:12
LH:12
BRF:0
BRH:0
end_of_record
TN:
SF:/home/osboxes/Downloads/mobile-app/server/models/api-response.js
FN:1,(anonymous_1)
FNF:1
FNH:1
FNDA:17,(anonymous_1)
DA:1,1
DA:2,17
DA:3,17
DA:6,1
LF:4
LH:4
BRF:0
BRH:0
end_of_record
TN:
SF:/home/osboxes/Downloads/mobile-app/server/models/user-profile.js
FN:1,(anonymous_1)
FNF:1
FNH:1
FNDA:2,(anonymous_1)
DA:1,1
DA:2,2
DA:7,1
LF:3
LH:3
BRF:0
BRH:0
end_of_record
